<?xml version="1.0" encoding="UTF-8"?>
<!-- Generated by org.testng.reporters.JUnitXMLReporter -->
<testsuite ignored="0" hostname="DESKTOP-LSAVSSC" failures="0" tests="2" name="SubmitOrder Test" time="51.524" errors="0" timestamp="2025-06-09T14:57:31 IST">
  <testcase classname="SeleniumAcademy.SeleniumAutomationFrameWorkDesign.Tests.SubmitOrder" name="submitOrdermeth" time="21.653"/>
  <testcase classname="SeleniumAcademy.SeleniumAutomationFrameWorkDesign.Tests.SubmitOrder" name="submitOrdermeth" time="18.049"/>
</testsuite> <!-- SubmitOrder Test -->
